This is pdfTeX, Version 3.141592653-2.6-1.40.25 (MiKTeX 24.1) (preloaded format=pdflatex 2024.2.22)  6 MAR 2024 10:09
entering extended mode
 restricted \write18 enabled.
 file:line:error style messages enabled.
 %&-line parsing enabled.
**"./CMP5329 Logbook.tex"
(CMP5329 Logbook.tex
LaTeX2e <2023-11-01> patch level 1
L3 programming layer <2024-02-13>
(C:\Users\Lewis\AppData\Local\Programs\MiKTeX\tex/latex/base\report.cls
Document Class: report 2023/05/17 v1.4n Standard LaTeX document class
(C:\Users\Lewis\AppData\Local\Programs\MiKTeX\tex/latex/base\size12.clo
File: size12.clo 2023/05/17 v1.4n Standard LaTeX file (size option)
)
\c@part=\count188
\c@chapter=\count189
\c@section=\count190
\c@subsection=\count191
\c@subsubsection=\count192
\c@paragraph=\count193
\c@subparagraph=\count194
\c@figure=\count195
\c@table=\count196
\abovecaptionskip=\skip48
\belowcaptionskip=\skip49
\bibindent=\dimen140
)
(C:\Users\Lewis\AppData\Local\Programs\MiKTeX\tex/latex/graphics\graphicx.sty
Package: graphicx 2021/09/16 v1.2d Enhanced LaTeX Graphics (DPC,SPQR)

(C:\Users\Lewis\AppData\Local\Programs\MiKTeX\tex/latex/graphics\keyval.sty
Package: keyval 2022/05/29 v1.15 key=value parser (DPC)
\KV@toks@=\toks17
)
(C:\Users\Lewis\AppData\Local\Programs\MiKTeX\tex/latex/graphics\graphics.sty
Package: graphics 2022/03/10 v1.4e Standard LaTeX Graphics (DPC,SPQR)

(C:\Users\Lewis\AppData\Local\Programs\MiKTeX\tex/latex/graphics\trig.sty
Package: trig 2021/08/11 v1.11 sin cos tan (DPC)
)
(C:\Users\Lewis\AppData\Local\Programs\MiKTeX\tex/latex/graphics-cfg\graphics.c
fg
File: graphics.cfg 2016/06/04 v1.11 sample graphics configuration
)
Package graphics Info: Driver file: pdftex.def on input line 107.

(C:\Users\Lewis\AppData\Local\Programs\MiKTeX\tex/latex/graphics-def\pdftex.def
File: pdftex.def 2022/09/22 v1.2b Graphics/color driver for pdftex
))
\Gin@req@height=\dimen141
\Gin@req@width=\dimen142
)
(C:\Users\Lewis\AppData\Local\Programs\MiKTeX\tex/latex/geometry\geometry.sty
Package: geometry 2020/01/02 v5.9 Page Geometry

(C:\Users\Lewis\AppData\Local\Programs\MiKTeX\tex/generic/iftex\ifvtex.sty
Package: ifvtex 2019/10/25 v1.7 ifvtex legacy package. Use iftex instead.

(C:\Users\Lewis\AppData\Local\Programs\MiKTeX\tex/generic/iftex\iftex.sty
Package: iftex 2022/02/03 v1.0f TeX engine tests
))
\Gm@cnth=\count197
\Gm@cntv=\count198
\c@Gm@tempcnt=\count199
\Gm@bindingoffset=\dimen143
\Gm@wd@mp=\dimen144
\Gm@odd@mp=\dimen145
\Gm@even@mp=\dimen146
\Gm@layoutwidth=\dimen147
\Gm@layoutheight=\dimen148
\Gm@layouthoffset=\dimen149
\Gm@layoutvoffset=\dimen150
\Gm@dimlist=\toks18

(C:\Users\Lewis\AppData\Local\Programs\MiKTeX\tex/latex/geometry\geometry.cfg))
(C:\Users\Lewis\AppData\Local\Programs\MiKTeX\tex/latex/base\inputenc.sty
Package: inputenc 2021/02/14 v1.3d Input encoding file
\inpenc@prehook=\toks19
\inpenc@posthook=\toks20
)
(C:\Users\Lewis\AppData\Local\Programs\MiKTeX\tex/latex/base\fontenc.sty
Package: fontenc 2021/04/29 v2.0v Standard LaTeX package
)
(C:\Users\Lewis\AppData\Local\Programs\MiKTeX\tex/latex/float\float.sty
Package: float 2001/11/08 v1.3d Float enhancements (AL)
\c@float@type=\count266
\float@exts=\toks21
\float@box=\box51
\@float@everytoks=\toks22
\@floatcapt=\box52
)
(C:\Users\Lewis\AppData\Local\Programs\MiKTeX\tex/latex/caption\subcaption.sty
Package: subcaption 2023/07/28 v1.6b Sub-captions (AR)

(C:\Users\Lewis\AppData\Local\Programs\MiKTeX\tex/latex/caption\caption.sty
Package: caption 2023/08/05 v3.6o Customizing captions (AR)

(C:\Users\Lewis\AppData\Local\Programs\MiKTeX\tex/latex/caption\caption3.sty
Package: caption3 2023/07/31 v2.4d caption3 kernel (AR)
\caption@tempdima=\dimen151
\captionmargin=\dimen152
\caption@leftmargin=\dimen153
\caption@rightmargin=\dimen154
\caption@width=\dimen155
\caption@indent=\dimen156
\caption@parindent=\dimen157
\caption@hangindent=\dimen158
Package caption Info: Standard document class detected.
)
\c@caption@flags=\count267
\c@continuedfloat=\count268
Package caption Info: float package is loaded.
)
Package caption Info: New subtype `subfigure' on input line 238.
\c@subfigure=\count269
Package caption Info: New subtype `subtable' on input line 238.
\c@subtable=\count270
)
(C:\Users\Lewis\AppData\Local\Programs\MiKTeX\tex/latex/filecontents\fileconten
ts.sty
Package: filecontents 2023/04/02 v1.5a Create an external file from within a La
TeX document


Package filecontents Warning: This package is obsolete. Disabling it and
(filecontents)                passing control to the filecontents environment
(filecontents)                defined by the LaTeX kernel.

) (C:\Users\Lewis\AppData\Local\Programs\MiKTeX\tex/latex/biblatex\biblatex.sty
Package: biblatex 2023/03/05 v3.19 programmable bibliographies (PK/MW)

(C:\Users\Lewis\AppData\Local\Programs\MiKTeX\tex/generic/pdftexcmds\pdftexcmds
.sty
Package: pdftexcmds 2020-06-27 v0.33 Utility functions of pdfTeX for LuaTeX (HO
)

(C:\Users\Lewis\AppData\Local\Programs\MiKTeX\tex/generic/infwarerr\infwarerr.s
ty
Package: infwarerr 2019/12/03 v1.5 Providing info/warning/error messages (HO)
)
(C:\Users\Lewis\AppData\Local\Programs\MiKTeX\tex/generic/ltxcmds\ltxcmds.sty
Package: ltxcmds 2023-12-04 v1.26 LaTeX kernel commands for general use (HO)
)
Package pdftexcmds Info: \pdf@primitive is available.
Package pdftexcmds Info: \pdf@ifprimitive is available.
Package pdftexcmds Info: \pdfdraftmode found.
) (C:\Users\Lewis\AppData\Local\Programs\MiKTeX\tex/latex/etoolbox\etoolbox.sty
Package: etoolbox 2020/10/05 v2.5k e-TeX tools for LaTeX (JAW)
\etb@tempcnta=\count271
)
(C:\Users\Lewis\AppData\Local\Programs\MiKTeX\tex/latex/kvoptions\kvoptions.sty
Package: kvoptions 2022-06-15 v3.15 Key value format for package options (HO)

(C:\Users\Lewis\AppData\Local\Programs\MiKTeX\tex/latex/kvsetkeys\kvsetkeys.sty
Package: kvsetkeys 2022-10-05 v1.19 Key value parser (HO)
)) (C:\Users\Lewis\AppData\Local\Programs\MiKTeX\tex/latex/logreq\logreq.sty
Package: logreq 2010/08/04 v1.0 xml request logger
\lrq@indent=\count272

(C:\Users\Lewis\AppData\Local\Programs\MiKTeX\tex/latex/logreq\logreq.def
File: logreq.def 2010/08/04 v1.0 logreq spec v1.0
))
(C:\Users\Lewis\AppData\Local\Programs\MiKTeX\tex/latex/base\ifthen.sty
Package: ifthen 2022/04/13 v1.1d Standard LaTeX ifthen package (DPC)
)
(C:\Users\Lewis\AppData\Local\Programs\MiKTeX\tex/latex/url\url.sty
\Urlmuskip=\muskip16
Package: url 2013/09/16  ver 3.4  Verb mode for urls, etc.
)
\c@tabx@nest=\count273
\c@listtotal=\count274
\c@listcount=\count275
\c@liststart=\count276
\c@liststop=\count277
\c@citecount=\count278
\c@citetotal=\count279
\c@multicitecount=\count280
\c@multicitetotal=\count281
\c@instcount=\count282
\c@maxnames=\count283
\c@minnames=\count284
\c@maxitems=\count285
\c@minitems=\count286
\c@citecounter=\count287
\c@maxcitecounter=\count288
\c@savedcitecounter=\count289
\c@uniquelist=\count290
\c@uniquename=\count291
\c@refsection=\count292
\c@refsegment=\count293
\c@maxextratitle=\count294
\c@maxextratitleyear=\count295
\c@maxextraname=\count296
\c@maxextradate=\count297
\c@maxextraalpha=\count298
\c@abbrvpenalty=\count299
\c@highnamepenalty=\count300
\c@lownamepenalty=\count301
\c@maxparens=\count302
\c@parenlevel=\count303
\blx@tempcnta=\count304
\blx@tempcntb=\count305
\blx@tempcntc=\count306
\c@blx@maxsection=\count307
\blx@maxsegment@0=\count308
\blx@notetype=\count309
\blx@parenlevel@text=\count310
\blx@parenlevel@foot=\count311
\blx@sectionciteorder@0=\count312
\blx@sectionciteorderinternal@0=\count313
\blx@entrysetcounter=\count314
\blx@biblioinstance=\count315
\labelnumberwidth=\skip50
\labelalphawidth=\skip51
\biblabelsep=\skip52
\bibitemsep=\skip53
\bibnamesep=\skip54
\bibinitsep=\skip55
\bibparsep=\skip56
\bibhang=\skip57
\blx@bcfin=\read2
\blx@bcfout=\write3
\blx@langwohyphens=\language79
\c@mincomprange=\count316
\c@maxcomprange=\count317
\c@mincompwidth=\count318
Package biblatex Info: Trying to load biblatex default data model...
Package biblatex Info: ... file 'blx-dm.def' found.

(C:\Users\Lewis\AppData\Local\Programs\MiKTeX\tex/latex/biblatex\blx-dm.def
File: blx-dm.def 2023/03/05 v3.19 biblatex localization (PK/MW)
)
Package biblatex Info: Trying to load biblatex style data model...
Package biblatex Info: ... file 'authoryear.dbx' not found.
Package biblatex Info: Trying to load biblatex custom data model...
Package biblatex Info: ... file 'biblatex-dm.cfg' not found.
\c@afterword=\count319
\c@savedafterword=\count320
\c@annotator=\count321
\c@savedannotator=\count322
\c@author=\count323
\c@savedauthor=\count324
\c@bookauthor=\count325
\c@savedbookauthor=\count326
\c@commentator=\count327
\c@savedcommentator=\count328
\c@editor=\count329
\c@savededitor=\count330
\c@editora=\count331
\c@savededitora=\count332
\c@editorb=\count333
\c@savededitorb=\count334
\c@editorc=\count335
\c@savededitorc=\count336
\c@foreword=\count337
\c@savedforeword=\count338
\c@holder=\count339
\c@savedholder=\count340
\c@introduction=\count341
\c@savedintroduction=\count342
\c@namea=\count343
\c@savednamea=\count344
\c@nameb=\count345
\c@savednameb=\count346
\c@namec=\count347
\c@savednamec=\count348
\c@translator=\count349
\c@savedtranslator=\count350
\c@shortauthor=\count351
\c@savedshortauthor=\count352
\c@shorteditor=\count353
\c@savedshorteditor=\count354
\c@labelname=\count355
\c@savedlabelname=\count356
\c@institution=\count357
\c@savedinstitution=\count358
\c@lista=\count359
\c@savedlista=\count360
\c@listb=\count361
\c@savedlistb=\count362
\c@listc=\count363
\c@savedlistc=\count364
\c@listd=\count365
\c@savedlistd=\count366
\c@liste=\count367
\c@savedliste=\count368
\c@listf=\count369
\c@savedlistf=\count370
\c@location=\count371
\c@savedlocation=\count372
\c@organization=\count373
\c@savedorganization=\count374
\c@origlocation=\count375
\c@savedoriglocation=\count376
\c@origpublisher=\count377
\c@savedorigpublisher=\count378
\c@publisher=\count379
\c@savedpublisher=\count380
\c@language=\count381
\c@savedlanguage=\count382
\c@origlanguage=\count383
\c@savedoriglanguage=\count384
\c@pageref=\count385
\c@savedpageref=\count386
\shorthandwidth=\skip58
\shortjournalwidth=\skip59
\shortserieswidth=\skip60
\shorttitlewidth=\skip61
\shortauthorwidth=\skip62
\shorteditorwidth=\skip63
\locallabelnumberwidth=\skip64
\locallabelalphawidth=\skip65
\localshorthandwidth=\skip66
\localshortjournalwidth=\skip67
\localshortserieswidth=\skip68
\localshorttitlewidth=\skip69
\localshortauthorwidth=\skip70
\localshorteditorwidth=\skip71
Package biblatex Info: Trying to load compatibility code...
Package biblatex Info: ... file 'blx-compat.def' found.

(C:\Users\Lewis\AppData\Local\Programs\MiKTeX\tex/latex/biblatex\blx-compat.def
File: blx-compat.def 2023/03/05 v3.19 biblatex compatibility (PK/MW)
)
Package biblatex Info: Trying to load generic definitions...
Package biblatex Info: ... file 'biblatex.def' found.
 (C:\Users\Lewis\AppData\Local\Programs\MiKTeX\tex/latex/biblatex\biblatex.def
File: biblatex.def 2023/03/05 v3.19 biblatex compatibility (PK/MW)
\c@textcitecount=\count387
\c@textcitetotal=\count388
\c@textcitemaxnames=\count389
\c@biburlbigbreakpenalty=\count390
\c@biburlbreakpenalty=\count391
\c@biburlnumpenalty=\count392
\c@biburlucpenalty=\count393
\c@biburllcpenalty=\count394
\biburlbigskip=\muskip17
\biburlnumskip=\muskip18
\biburlucskip=\muskip19
\biburllcskip=\muskip20
\c@smartand=\count395
)
Package biblatex Info: Trying to load natbib compatibility...
Package biblatex Info: ... file 'blx-natbib.def' found.

(C:\Users\Lewis\AppData\Local\Programs\MiKTeX\tex/latex/biblatex\blx-natbib.def
File: blx-natbib.def 2023/03/05 v3.19 biblatex compatibility (PK/MW)
Package biblatex Info: Delimiter 'nameyeardelim' in context '' already defined,
 overwriting.
)
Package biblatex Info: Trying to load bibliography style 'authoryear'...
Package biblatex Info: ... file 'authoryear.bbx' found.

(C:\Users\Lewis\AppData\Local\Programs\MiKTeX\tex/latex/biblatex/bbx\authoryear
.bbx
File: authoryear.bbx 2023/03/05 v3.19 biblatex bibliography style (PK/MW)
Package biblatex Info: Trying to load bibliography style 'standard'...
Package biblatex Info: ... file 'standard.bbx' found.

(C:\Users\Lewis\AppData\Local\Programs\MiKTeX\tex/latex/biblatex/bbx\standard.b
bx
File: standard.bbx 2023/03/05 v3.19 biblatex bibliography style (PK/MW)
\c@bbx:relatedcount=\count396
\c@bbx:relatedtotal=\count397
))
Package biblatex Info: Trying to load citation style 'authoryear'...
Package biblatex Info: ... file 'authoryear.cbx' found.

(C:\Users\Lewis\AppData\Local\Programs\MiKTeX\tex/latex/biblatex/cbx\authoryear
.cbx
File: authoryear.cbx 2023/03/05 v3.19 biblatex citation style (PK/MW)
Package biblatex Info: Redefining '\cite'.
Package biblatex Info: Redefining '\parencite'.
Package biblatex Info: Redefining '\footcite'.
Package biblatex Info: Redefining '\footcitetext'.
Package biblatex Info: Redefining '\smartcite'.
Package biblatex Info: Redefining '\textcite'.
Package biblatex Info: Redefining '\textcites'.
)
Package biblatex Info: Trying to load configuration file...
Package biblatex Info: ... file 'biblatex.cfg' found.

(C:\Users\Lewis\AppData\Local\Programs\MiKTeX\tex/latex/biblatex\biblatex.cfg
File: biblatex.cfg 
)

Package biblatex Warning: 'firstinits' option is deprecated.
(biblatex)                Please use 'giveninits' instead.

Package biblatex Info: Input encoding 'utf8' detected.
Package biblatex Info: Document encoding is UTF8 ....
(C:\Users\Lewis\AppData\Local\Programs\MiKTeX\tex/latex/l3kernel\expl3.sty
Package: expl3 2024-02-13 L3 programming layer (loader) 

(C:\Users\Lewis\AppData\Local\Programs\MiKTeX\tex/latex/l3backend\l3backend-pdf
tex.def
File: l3backend-pdftex.def 2024-01-04 L3 backend support: PDF output (pdfTeX)
\l__color_backend_stack_int=\count398
\l__pdf_internal_box=\box53
))
Package biblatex Info: ... and expl3
(biblatex)             2024-02-13 L3 programming layer (loader) 
(biblatex)             is new enough (at least 2020/04/06),
(biblatex)             setting 'casechanger=expl3'.

(C:\Users\Lewis\AppData\Local\Programs\MiKTeX\tex/latex/biblatex\blx-case-expl3
.sty
(C:\Users\Lewis\AppData\Local\Programs\MiKTeX\tex/latex/l3packages/xparse\xpars
e.sty
Package: xparse 2024-02-13 L3 Experimental document command parser
)
Package: blx-case-expl3 2023/03/05 v3.19 expl3 case changing code for biblatex
))
(C:\Users\Lewis\AppData\Local\Programs\MiKTeX\tex/generic/babel\babel.sty
Package: babel 2024/02/07 v24.2 The Babel package
\babel@savecnt=\count399
\U@D=\dimen159
\l@unhyphenated=\language80

(C:\Users\Lewis\AppData\Local\Programs\MiKTeX\tex/generic/babel\txtbabel.def)
\bbl@readstream=\read3
\bbl@dirlevel=\count400

*************************************
* Local config file bblopts.cfg used
*
(C:\Users\Lewis\AppData\Local\Programs\MiKTeX\tex/latex/arabi\bblopts.cfg
File: bblopts.cfg 2005/09/08 v0.1 add Arabic and Farsi to "declared" options of
 babel
)
(C:\Users\Lewis\AppData\Local\Programs\MiKTeX\tex/latex/babel-english\british.l
df
Language: british 2017/06/06 v3.3r English support from the babel system

(C:\Users\Lewis\AppData\Local\Programs\MiKTeX\tex/latex/babel-english\english.l
df
Language: english 2017/06/06 v3.3r English support from the babel system
Package babel Info: Hyphen rules for 'canadian' set to \l@english
(babel)             (\language0). Reported on input line 102.
Package babel Info: Hyphen rules for 'australian' set to \l@ukenglish
(babel)             (\language73). Reported on input line 105.
Package babel Info: Hyphen rules for 'newzealand' set to \l@ukenglish
(babel)             (\language73). Reported on input line 108.
)))
(C:\Users\Lewis\AppData\Local\Programs\MiKTeX\tex/generic/babel/locale/en\babel
-british.tex
Package babel Info: Importing font and identification data for british
(babel)             from babel-en-GB.ini. Reported on input line 11.
)
(C:\Users\Lewis\AppData\Local\Programs\MiKTeX\tex/latex/csquotes\csquotes.sty
Package: csquotes 2022-09-14 v5.2n context-sensitive quotations (JAW)
\csq@reset=\count401
\csq@gtype=\count402
\csq@glevel=\count403
\csq@qlevel=\count404
\csq@maxlvl=\count405
\csq@tshold=\count406
\csq@ltx@everypar=\toks23

(C:\Users\Lewis\AppData\Local\Programs\MiKTeX\tex/latex/csquotes\csquotes.def
File: csquotes.def 2022-09-14 v5.2n csquotes generic definitions (JAW)
)
Package csquotes Info: Trying to load configuration file 'csquotes.cfg'...
Package csquotes Info: ... configuration file loaded successfully.

(C:\Users\Lewis\AppData\Local\Programs\MiKTeX\tex/latex/csquotes\csquotes.cfg
File: csquotes.cfg 
)) (C:\Users\Lewis\AppData\Local\Programs\MiKTeX\tex/latex/hyperref\hyperref.st
y
Package: hyperref 2024-01-20 v7.01h Hypertext links for LaTeX

(C:\Users\Lewis\AppData\Local\Programs\MiKTeX\tex/generic/kvdefinekeys\kvdefine
keys.sty
Package: kvdefinekeys 2019-12-19 v1.6 Define keys (HO)
)
(C:\Users\Lewis\AppData\Local\Programs\MiKTeX\tex/generic/pdfescape\pdfescape.s
ty
Package: pdfescape 2019/12/09 v1.15 Implements pdfTeX's escape features (HO)
) (C:\Users\Lewis\AppData\Local\Programs\MiKTeX\tex/latex/hycolor\hycolor.sty
Package: hycolor 2020-01-27 v1.10 Color options for hyperref/bookmark (HO)
) (C:\Users\Lewis\AppData\Local\Programs\MiKTeX\tex/latex/auxhook\auxhook.sty
Package: auxhook 2019-12-17 v1.6 Hooks for auxiliary files (HO)
)
(C:\Users\Lewis\AppData\Local\Programs\MiKTeX\tex/latex/hyperref\nameref.sty
Package: nameref 2023-11-26 v2.56 Cross-referencing by name of section

(C:\Users\Lewis\AppData\Local\Programs\MiKTeX\tex/latex/refcount\refcount.sty
Package: refcount 2019/12/15 v3.6 Data extraction from label references (HO)
)
(C:\Users\Lewis\AppData\Local\Programs\MiKTeX\tex/generic/gettitlestring\gettit
lestring.sty
Package: gettitlestring 2019/12/15 v1.6 Cleanup title references (HO)
)
\c@section@level=\count407
)
\@linkdim=\dimen160
\Hy@linkcounter=\count408
\Hy@pagecounter=\count409

(C:\Users\Lewis\AppData\Local\Programs\MiKTeX\tex/latex/hyperref\pd1enc.def
File: pd1enc.def 2024-01-20 v7.01h Hyperref: PDFDocEncoding definition (HO)
Now handling font encoding PD1 ...
... no UTF-8 mapping file for font encoding PD1
)
(C:\Users\Lewis\AppData\Local\Programs\MiKTeX\tex/generic/intcalc\intcalc.sty
Package: intcalc 2019/12/15 v1.3 Expandable calculations with integers (HO)
)
\Hy@SavedSpaceFactor=\count410

(C:\Users\Lewis\AppData\Local\Programs\MiKTeX\tex/latex/hyperref\puenc.def
File: puenc.def 2024-01-20 v7.01h Hyperref: PDF Unicode definition (HO)
Now handling font encoding PU ...
... no UTF-8 mapping file for font encoding PU
)
Package hyperref Info: Hyper figures OFF on input line 4179.
Package hyperref Info: Link nesting OFF on input line 4184.
Package hyperref Info: Hyper index ON on input line 4187.
Package hyperref Info: Plain pages OFF on input line 4194.
Package hyperref Info: Backreferencing OFF on input line 4199.
Package hyperref Info: Implicit mode ON; LaTeX internals redefined.
Package hyperref Info: Bookmarks ON on input line 4446.
\c@Hy@tempcnt=\count411
LaTeX Info: Redefining \url on input line 4784.
\XeTeXLinkMargin=\dimen161

(C:\Users\Lewis\AppData\Local\Programs\MiKTeX\tex/generic/bitset\bitset.sty
Package: bitset 2019/12/09 v1.3 Handle bit-vector datatype (HO)

(C:\Users\Lewis\AppData\Local\Programs\MiKTeX\tex/generic/bigintcalc\bigintcalc
.sty
Package: bigintcalc 2019/12/15 v1.5 Expandable calculations on big integers (HO
)
))
\Fld@menulength=\count412
\Field@Width=\dimen162
\Fld@charsize=\dimen163
Package hyperref Info: Hyper figures OFF on input line 6063.
Package hyperref Info: Link nesting OFF on input line 6068.
Package hyperref Info: Hyper index ON on input line 6071.
Package hyperref Info: backreferencing OFF on input line 6078.
Package hyperref Info: Link coloring OFF on input line 6083.
Package hyperref Info: Link coloring with OCG OFF on input line 6088.
Package hyperref Info: PDF/A mode OFF on input line 6093.

(C:\Users\Lewis\AppData\Local\Programs\MiKTeX\tex/latex/base\atbegshi-ltx.sty
Package: atbegshi-ltx 2021/01/10 v1.0c Emulation of the original atbegshi
package with kernel methods
)
\Hy@abspage=\count413
\c@Item=\count414
\c@Hfootnote=\count415
)
Package hyperref Info: Driver (autodetected): hpdftex.
(C:\Users\Lewis\AppData\Local\Programs\MiKTeX\tex/latex/hyperref\hpdftex.def
File: hpdftex.def 2024-01-20 v7.01h Hyperref driver for pdfTeX

(C:\Users\Lewis\AppData\Local\Programs\MiKTeX\tex/latex/base\atveryend-ltx.sty
Package: atveryend-ltx 2020/08/19 v1.0a Emulation of the original atveryend pac
kage
with kernel methods
)
\Fld@listcount=\count416
\c@bookmark@seq@number=\count417

(C:\Users\Lewis\AppData\Local\Programs\MiKTeX\tex/latex/rerunfilecheck\rerunfil
echeck.sty
Package: rerunfilecheck 2022-07-10 v1.10 Rerun checks for auxiliary files (HO)

(C:\Users\Lewis\AppData\Local\Programs\MiKTeX\tex/generic/uniquecounter\uniquec
ounter.sty
Package: uniquecounter 2019/12/15 v1.4 Provide unlimited unique counter (HO)
)
Package uniquecounter Info: New unique counter `rerunfilecheck' on input line 2
85.
)
\Hy@SectionHShift=\skip72
)
Package hyperref Info: Option `colorlinks' set `true' on input line 53.

(C:\Users\Lewis\AppData\Local\Programs\MiKTeX\tex/latex/titlesec\titlesec.sty
Package: titlesec 2023/10/27 v2.16 Sectioning titles
\ttl@box=\box54
\beforetitleunit=\skip73
\aftertitleunit=\skip74
\ttl@plus=\dimen164
\ttl@minus=\dimen165
\ttl@toksa=\toks24
\titlewidth=\dimen166
\titlewidthlast=\dimen167
\titlewidthfirst=\dimen168
)
(C:\Users\Lewis\AppData\Local\Programs\MiKTeX\tex/latex/wasysym\wasysym.sty
Package: wasysym 2020/01/19 v2.4 Wasy-2 symbol support package
\symwasy=\mathgroup4
LaTeX Font Info:    Overwriting symbol font `wasy' in version `bold'
(Font)                  U/wasy/m/n --> U/wasy/b/n on input line 93.
)
(C:\Users\Lewis\AppData\Local\Programs\MiKTeX\tex/latex/import\import.sty
Package: import 2020/04/01  v 6.2
)
(C:\Users\Lewis\AppData\Local\Programs\MiKTeX\tex/latex/fancyhdr\fancyhdr.sty
Package: fancyhdr 2022/11/09 v4.1 Extensive control of page headers and footers

\f@nch@headwidth=\skip75
\f@nch@O@elh=\skip76
\f@nch@O@erh=\skip77
\f@nch@O@olh=\skip78
\f@nch@O@orh=\skip79
\f@nch@O@elf=\skip80
\f@nch@O@erf=\skip81
\f@nch@O@olf=\skip82
\f@nch@O@orf=\skip83
)
(C:\Users\Lewis\AppData\Local\Programs\MiKTeX\tex/latex/tools\calc.sty
Package: calc 2023/07/08 v4.3 Infix arithmetic (KKT,FJ)
\calc@Acount=\count418
\calc@Bcount=\count419
\calc@Adimen=\dimen169
\calc@Bdimen=\dimen170
\calc@Askip=\skip84
\calc@Bskip=\skip85
LaTeX Info: Redefining \setlength on input line 80.
LaTeX Info: Redefining \addtolength on input line 81.
\calc@Ccount=\count420
\calc@Cskip=\skip86
)
(C:\Users\Lewis\AppData\Local\Programs\MiKTeX\tex/latex/tcolorbox\tcolorbox.sty
Package: tcolorbox 2024/01/10 version 6.2.0 text color boxes
(C:\Users\Lewis\AppData\Local\Programs\MiKTeX\tex/latex/pgf/basiclayer\pgf.sty
(C:\Users\Lewis\AppData\Local\Programs\MiKTeX\tex/latex/pgf/utilities\pgfrcs.st
y
(C:\Users\Lewis\AppData\Local\Programs\MiKTeX\tex/generic/pgf/utilities\pgfutil
-common.tex
\pgfutil@everybye=\toks25
\pgfutil@tempdima=\dimen171
\pgfutil@tempdimb=\dimen172
)
(C:\Users\Lewis\AppData\Local\Programs\MiKTeX\tex/generic/pgf/utilities\pgfutil
-latex.def
\pgfutil@abb=\box55
)
(C:\Users\Lewis\AppData\Local\Programs\MiKTeX\tex/generic/pgf/utilities\pgfrcs.
code.tex
(C:\Users\Lewis\AppData\Local\Programs\MiKTeX\tex/generic/pgf\pgf.revision.tex)
Package: pgfrcs 2023-01-15 v3.1.10 (3.1.10)
))
Package: pgf 2023-01-15 v3.1.10 (3.1.10)

(C:\Users\Lewis\AppData\Local\Programs\MiKTeX\tex/latex/pgf/basiclayer\pgfcore.
sty
(C:\Users\Lewis\AppData\Local\Programs\MiKTeX\tex/latex/pgf/systemlayer\pgfsys.
sty
(C:\Users\Lewis\AppData\Local\Programs\MiKTeX\tex/generic/pgf/systemlayer\pgfsy
s.code.tex
Package: pgfsys 2023-01-15 v3.1.10 (3.1.10)

(C:\Users\Lewis\AppData\Local\Programs\MiKTeX\tex/generic/pgf/utilities\pgfkeys
.code.tex
\pgfkeys@pathtoks=\toks26
\pgfkeys@temptoks=\toks27

(C:\Users\Lewis\AppData\Local\Programs\MiKTeX\tex/generic/pgf/utilities\pgfkeys
libraryfiltered.code.tex
\pgfkeys@tmptoks=\toks28
))
\pgf@x=\dimen173
\pgf@y=\dimen174
\pgf@xa=\dimen175
\pgf@ya=\dimen176
\pgf@xb=\dimen177
\pgf@yb=\dimen178
\pgf@xc=\dimen179
\pgf@yc=\dimen180
\pgf@xd=\dimen181
\pgf@yd=\dimen182
\w@pgf@writea=\write4
\r@pgf@reada=\read4
\c@pgf@counta=\count421
\c@pgf@countb=\count422
\c@pgf@countc=\count423
\c@pgf@countd=\count424
\t@pgf@toka=\toks29
\t@pgf@tokb=\toks30
\t@pgf@tokc=\toks31
\pgf@sys@id@count=\count425

(C:\Users\Lewis\AppData\Local\Programs\MiKTeX\tex/generic/pgf/systemlayer\pgf.c
fg
File: pgf.cfg 2023-01-15 v3.1.10 (3.1.10)
)
Driver file for pgf: pgfsys-pdftex.def

(C:\Users\Lewis\AppData\Local\Programs\MiKTeX\tex/generic/pgf/systemlayer\pgfsy
s-pdftex.def
File: pgfsys-pdftex.def 2023-01-15 v3.1.10 (3.1.10)

(C:\Users\Lewis\AppData\Local\Programs\MiKTeX\tex/generic/pgf/systemlayer\pgfsy
s-common-pdf.def
File: pgfsys-common-pdf.def 2023-01-15 v3.1.10 (3.1.10)
)))
(C:\Users\Lewis\AppData\Local\Programs\MiKTeX\tex/generic/pgf/systemlayer\pgfsy
ssoftpath.code.tex
File: pgfsyssoftpath.code.tex 2023-01-15 v3.1.10 (3.1.10)
\pgfsyssoftpath@smallbuffer@items=\count426
\pgfsyssoftpath@bigbuffer@items=\count427
)
(C:\Users\Lewis\AppData\Local\Programs\MiKTeX\tex/generic/pgf/systemlayer\pgfsy
sprotocol.code.tex
File: pgfsysprotocol.code.tex 2023-01-15 v3.1.10 (3.1.10)
))
(C:\Users\Lewis\AppData\Local\Programs\MiKTeX\tex/latex/xcolor\xcolor.sty
Package: xcolor 2023/11/15 v3.01 LaTeX color extensions (UK)

(C:\Users\Lewis\AppData\Local\Programs\MiKTeX\tex/latex/graphics-cfg\color.cfg
File: color.cfg 2016/01/02 v1.6 sample color configuration
)
Package xcolor Info: Driver file: pdftex.def on input line 274.
(C:\Users\Lewis\AppData\Local\Programs\MiKTeX\tex/latex/graphics\mathcolor.ltx)
Package xcolor Info: Model `cmy' substituted by `cmy0' on input line 1350.
Package xcolor Info: Model `hsb' substituted by `rgb' on input line 1354.
Package xcolor Info: Model `RGB' extended on input line 1366.
Package xcolor Info: Model `HTML' substituted by `rgb' on input line 1368.
Package xcolor Info: Model `Hsb' substituted by `hsb' on input line 1369.
Package xcolor Info: Model `tHsb' substituted by `hsb' on input line 1370.
Package xcolor Info: Model `HSB' substituted by `hsb' on input line 1371.
Package xcolor Info: Model `Gray' substituted by `gray' on input line 1372.
Package xcolor Info: Model `wave' substituted by `hsb' on input line 1373.
)
(C:\Users\Lewis\AppData\Local\Programs\MiKTeX\tex/generic/pgf/basiclayer\pgfcor
e.code.tex
Package: pgfcore 2023-01-15 v3.1.10 (3.1.10)

(C:\Users\Lewis\AppData\Local\Programs\MiKTeX\tex/generic/pgf/math\pgfmath.code
.tex
(C:\Users\Lewis\AppData\Local\Programs\MiKTeX\tex/generic/pgf/math\pgfmathutil.
code.tex)
(C:\Users\Lewis\AppData\Local\Programs\MiKTeX\tex/generic/pgf/math\pgfmathparse
r.code.tex
\pgfmath@dimen=\dimen183
\pgfmath@count=\count428
\pgfmath@box=\box56
\pgfmath@toks=\toks32
\pgfmath@stack@operand=\toks33
\pgfmath@stack@operation=\toks34
)
(C:\Users\Lewis\AppData\Local\Programs\MiKTeX\tex/generic/pgf/math\pgfmathfunct
ions.code.tex)
(C:\Users\Lewis\AppData\Local\Programs\MiKTeX\tex/generic/pgf/math\pgfmathfunct
ions.basic.code.tex)
(C:\Users\Lewis\AppData\Local\Programs\MiKTeX\tex/generic/pgf/math\pgfmathfunct
ions.trigonometric.code.tex)
(C:\Users\Lewis\AppData\Local\Programs\MiKTeX\tex/generic/pgf/math\pgfmathfunct
ions.random.code.tex)
(C:\Users\Lewis\AppData\Local\Programs\MiKTeX\tex/generic/pgf/math\pgfmathfunct
ions.comparison.code.tex)
(C:\Users\Lewis\AppData\Local\Programs\MiKTeX\tex/generic/pgf/math\pgfmathfunct
ions.base.code.tex)
(C:\Users\Lewis\AppData\Local\Programs\MiKTeX\tex/generic/pgf/math\pgfmathfunct
ions.round.code.tex)
(C:\Users\Lewis\AppData\Local\Programs\MiKTeX\tex/generic/pgf/math\pgfmathfunct
ions.misc.code.tex)
(C:\Users\Lewis\AppData\Local\Programs\MiKTeX\tex/generic/pgf/math\pgfmathfunct
ions.integerarithmetics.code.tex)
(C:\Users\Lewis\AppData\Local\Programs\MiKTeX\tex/generic/pgf/math\pgfmathcalc.
code.tex)
(C:\Users\Lewis\AppData\Local\Programs\MiKTeX\tex/generic/pgf/math\pgfmathfloat
.code.tex
\c@pgfmathroundto@lastzeros=\count429
))
(C:\Users\Lewis\AppData\Local\Programs\MiKTeX\tex/generic/pgf/math\pgfint.code.
tex)
(C:\Users\Lewis\AppData\Local\Programs\MiKTeX\tex/generic/pgf/basiclayer\pgfcor
epoints.code.tex
File: pgfcorepoints.code.tex 2023-01-15 v3.1.10 (3.1.10)
\pgf@picminx=\dimen184
\pgf@picmaxx=\dimen185
\pgf@picminy=\dimen186
\pgf@picmaxy=\dimen187
\pgf@pathminx=\dimen188
\pgf@pathmaxx=\dimen189
\pgf@pathminy=\dimen190
\pgf@pathmaxy=\dimen191
\pgf@xx=\dimen192
\pgf@xy=\dimen193
\pgf@yx=\dimen194
\pgf@yy=\dimen195
\pgf@zx=\dimen196
\pgf@zy=\dimen197
)
(C:\Users\Lewis\AppData\Local\Programs\MiKTeX\tex/generic/pgf/basiclayer\pgfcor
epathconstruct.code.tex
File: pgfcorepathconstruct.code.tex 2023-01-15 v3.1.10 (3.1.10)
\pgf@path@lastx=\dimen198
\pgf@path@lasty=\dimen199
)
(C:\Users\Lewis\AppData\Local\Programs\MiKTeX\tex/generic/pgf/basiclayer\pgfcor
epathusage.code.tex
File: pgfcorepathusage.code.tex 2023-01-15 v3.1.10 (3.1.10)
\pgf@shorten@end@additional=\dimen256
\pgf@shorten@start@additional=\dimen257
)
(C:\Users\Lewis\AppData\Local\Programs\MiKTeX\tex/generic/pgf/basiclayer\pgfcor
escopes.code.tex
File: pgfcorescopes.code.tex 2023-01-15 v3.1.10 (3.1.10)
\pgfpic=\box57
\pgf@hbox=\box58
\pgf@layerbox@main=\box59
\pgf@picture@serial@count=\count430
)
(C:\Users\Lewis\AppData\Local\Programs\MiKTeX\tex/generic/pgf/basiclayer\pgfcor
egraphicstate.code.tex
File: pgfcoregraphicstate.code.tex 2023-01-15 v3.1.10 (3.1.10)
\pgflinewidth=\dimen258
)
(C:\Users\Lewis\AppData\Local\Programs\MiKTeX\tex/generic/pgf/basiclayer\pgfcor
etransformations.code.tex
File: pgfcoretransformations.code.tex 2023-01-15 v3.1.10 (3.1.10)
\pgf@pt@x=\dimen259
\pgf@pt@y=\dimen260
\pgf@pt@temp=\dimen261
)
(C:\Users\Lewis\AppData\Local\Programs\MiKTeX\tex/generic/pgf/basiclayer\pgfcor
equick.code.tex
File: pgfcorequick.code.tex 2023-01-15 v3.1.10 (3.1.10)
)
(C:\Users\Lewis\AppData\Local\Programs\MiKTeX\tex/generic/pgf/basiclayer\pgfcor
eobjects.code.tex
File: pgfcoreobjects.code.tex 2023-01-15 v3.1.10 (3.1.10)
)
(C:\Users\Lewis\AppData\Local\Programs\MiKTeX\tex/generic/pgf/basiclayer\pgfcor
epathprocessing.code.tex
File: pgfcorepathprocessing.code.tex 2023-01-15 v3.1.10 (3.1.10)
)
(C:\Users\Lewis\AppData\Local\Programs\MiKTeX\tex/generic/pgf/basiclayer\pgfcor
earrows.code.tex
File: pgfcorearrows.code.tex 2023-01-15 v3.1.10 (3.1.10)
\pgfarrowsep=\dimen262
)
(C:\Users\Lewis\AppData\Local\Programs\MiKTeX\tex/generic/pgf/basiclayer\pgfcor
eshade.code.tex
File: pgfcoreshade.code.tex 2023-01-15 v3.1.10 (3.1.10)
\pgf@max=\dimen263
\pgf@sys@shading@range@num=\count431
\pgf@shadingcount=\count432
)
(C:\Users\Lewis\AppData\Local\Programs\MiKTeX\tex/generic/pgf/basiclayer\pgfcor
eimage.code.tex
File: pgfcoreimage.code.tex 2023-01-15 v3.1.10 (3.1.10)
)
(C:\Users\Lewis\AppData\Local\Programs\MiKTeX\tex/generic/pgf/basiclayer\pgfcor
eexternal.code.tex
File: pgfcoreexternal.code.tex 2023-01-15 v3.1.10 (3.1.10)
\pgfexternal@startupbox=\box60
)
(C:\Users\Lewis\AppData\Local\Programs\MiKTeX\tex/generic/pgf/basiclayer\pgfcor
elayers.code.tex
File: pgfcorelayers.code.tex 2023-01-15 v3.1.10 (3.1.10)
)
(C:\Users\Lewis\AppData\Local\Programs\MiKTeX\tex/generic/pgf/basiclayer\pgfcor
etransparency.code.tex
File: pgfcoretransparency.code.tex 2023-01-15 v3.1.10 (3.1.10)
)
(C:\Users\Lewis\AppData\Local\Programs\MiKTeX\tex/generic/pgf/basiclayer\pgfcor
epatterns.code.tex
File: pgfcorepatterns.code.tex 2023-01-15 v3.1.10 (3.1.10)
)
(C:\Users\Lewis\AppData\Local\Programs\MiKTeX\tex/generic/pgf/basiclayer\pgfcor
erdf.code.tex
File: pgfcorerdf.code.tex 2023-01-15 v3.1.10 (3.1.10)
)))
(C:\Users\Lewis\AppData\Local\Programs\MiKTeX\tex/generic/pgf/modules\pgfmodule
shapes.code.tex
File: pgfmoduleshapes.code.tex 2023-01-15 v3.1.10 (3.1.10)
\pgfnodeparttextbox=\box61
)
(C:\Users\Lewis\AppData\Local\Programs\MiKTeX\tex/generic/pgf/modules\pgfmodule
plot.code.tex
File: pgfmoduleplot.code.tex 2023-01-15 v3.1.10 (3.1.10)
)
(C:\Users\Lewis\AppData\Local\Programs\MiKTeX\tex/latex/pgf/compatibility\pgfco
mp-version-0-65.sty
Package: pgfcomp-version-0-65 2023-01-15 v3.1.10 (3.1.10)
\pgf@nodesepstart=\dimen264
\pgf@nodesepend=\dimen265
)
(C:\Users\Lewis\AppData\Local\Programs\MiKTeX\tex/latex/pgf/compatibility\pgfco
mp-version-1-18.sty
Package: pgfcomp-version-1-18 2023-01-15 v3.1.10 (3.1.10)
))
(C:\Users\Lewis\AppData\Local\Programs\MiKTeX\tex/latex/tools\verbatim.sty
Package: verbatim 2023-11-06 v1.5v LaTeX2e package for verbatim enhancements
\every@verbatim=\toks35
\verbatim@line=\toks36
\verbatim@in@stream=\read5
)
(C:\Users\Lewis\AppData\Local\Programs\MiKTeX\tex/latex/environ\environ.sty
Package: environ 2014/05/04 v0.3 A new way to define environments

(C:\Users\Lewis\AppData\Local\Programs\MiKTeX\tex/latex/trimspaces\trimspaces.s
ty
Package: trimspaces 2009/09/17 v1.1 Trim spaces around a token list
)
\@envbody=\toks37
)
\tcb@titlebox=\box62
\tcb@upperbox=\box63
\tcb@lowerbox=\box64
\tcb@phantombox=\box65
\c@tcbbreakpart=\count433
\c@tcblayer=\count434
\c@tcolorbox@number=\count435
\l__tcobox_tmpa_box=\box66
\l__tcobox_tmpa_dim=\dimen266
\tcb@temp=\box67
\tcb@temp=\box68
\tcb@temp=\box69
\tcb@temp=\box70
)

Package biblatex Warning: Conflicting options.
(biblatex)                '<namepart>inits' conflicts with 'uniquename=full'.
(biblatex)                Setting 'uniquename=init' on input line 89.

Package csquotes Info: Checking for multilingual support...
Package csquotes Info: ... found 'babel' package.
Package csquotes Info: Adjusting default style.
Package csquotes Info: Redefining alias 'default' -> 'british'.
(C:/Users\Lewis\DataspellProjects\CMP5329\auxil\CMP5329 Logbook.aux)
\openout1 = `"CMP5329 Logbook.aux"'.

LaTeX Font Info:    Checking defaults for OML/cmm/m/it on input line 89.
LaTeX Font Info:    ... okay on input line 89.
LaTeX Font Info:    Checking defaults for OMS/cmsy/m/n on input line 89.
LaTeX Font Info:    ... okay on input line 89.
LaTeX Font Info:    Checking defaults for OT1/cmr/m/n on input line 89.
LaTeX Font Info:    ... okay on input line 89.
LaTeX Font Info:    Checking defaults for T1/cmr/m/n on input line 89.
LaTeX Font Info:    ... okay on input line 89.
LaTeX Font Info:    Checking defaults for TS1/cmr/m/n on input line 89.
LaTeX Font Info:    ... okay on input line 89.
LaTeX Font Info:    Checking defaults for OMX/cmex/m/n on input line 89.
LaTeX Font Info:    ... okay on input line 89.
LaTeX Font Info:    Checking defaults for U/cmr/m/n on input line 89.
LaTeX Font Info:    ... okay on input line 89.
LaTeX Font Info:    Checking defaults for PD1/pdf/m/n on input line 89.
LaTeX Font Info:    ... okay on input line 89.
LaTeX Font Info:    Checking defaults for PU/pdf/m/n on input line 89.
LaTeX Font Info:    ... okay on input line 89.

(C:\Users\Lewis\AppData\Local\Programs\MiKTeX\tex/context/base/mkii\supp-pdf.mk
ii
[Loading MPS to PDF converter (version 2006.09.02).]
\scratchcounter=\count436
\scratchdimen=\dimen267
\scratchbox=\box71
\nofMPsegments=\count437
\nofMParguments=\count438
\everyMPshowfont=\toks38
\MPscratchCnt=\count439
\MPscratchDim=\dimen268
\MPnumerator=\count440
\makeMPintoPDFobject=\count441
\everyMPtoPDFconversion=\toks39
)
(C:\Users\Lewis\AppData\Local\Programs\MiKTeX\tex/latex/epstopdf-pkg\epstopdf-b
ase.sty
Package: epstopdf-base 2020-01-24 v2.11 Base part for package epstopdf
Package epstopdf-base Info: Redefining graphics rule for `.eps' on input line 4
85.

(C:\Users\Lewis\AppData\Local\Programs\MiKTeX\tex/latex/00miktex\epstopdf-sys.c
fg
File: epstopdf-sys.cfg 2021/03/18 v2.0 Configuration of epstopdf for MiKTeX
))
*geometry* driver: auto-detecting
*geometry* detected driver: pdftex
*geometry* verbose mode - [ preamble ] result:
* driver: pdftex
* paper: a4paper
* layout: <same size as paper>
* layoutoffset:(h,v)=(0.0pt,0.0pt)
* modes: 
* h-part:(L,W,R)=(71.13188pt, 455.24411pt, 71.13188pt)
* v-part:(T,H,B)=(71.13188pt, 702.78308pt, 71.13188pt)
* \paperwidth=597.50787pt
* \paperheight=845.04684pt
* \textwidth=455.24411pt
* \textheight=702.78308pt
* \oddsidemargin=-1.1381pt
* \evensidemargin=-1.1381pt
* \topmargin=-38.1381pt
* \headheight=37.0pt
* \headsep=25.0pt
* \topskip=12.0pt
* \footskip=30.0pt
* \marginparwidth=44.0pt
* \marginparsep=10.0pt
* \columnsep=10.0pt
* \skip\footins=10.8pt plus 4.0pt minus 2.0pt
* \hoffset=0.0pt
* \voffset=0.0pt
* \mag=1000
* \@twocolumnfalse
* \@twosidefalse
* \@mparswitchfalse
* \@reversemarginfalse
* (1in=72.27pt=25.4mm, 1cm=28.453pt)

Package caption Info: Begin \AtBeginDocument code.
Package caption Info: hyperref package is loaded.
Package caption Info: End \AtBeginDocument code.
Package biblatex Info: Trying to load language 'british'...
Package biblatex Info: ... file 'british.lbx' found.

(C:\Users\Lewis\AppData\Local\Programs\MiKTeX\tex/latex/biblatex/lbx\british.lb
x
File: british.lbx 2023/03/05 v3.19 biblatex localization (PK/MW)
Package biblatex Info: Trying to load language 'english'...
Package biblatex Info: ... file 'english.lbx' found.

(C:\Users\Lewis\AppData\Local\Programs\MiKTeX\tex/latex/biblatex/lbx\english.lb
x
File: english.lbx 2023/03/05 v3.19 biblatex localization (PK/MW)
))
Package biblatex Info: Input encoding 'utf8' detected.
Package biblatex Info: Automatic encoding selection.
(biblatex)             Assuming data encoding 'utf8'.
\openout3 = `"CMP5329 Logbook.bcf"'.

Package biblatex Info: Trying to load bibliographic data...
Package biblatex Info: ... file '"CMP5329 Logbook".bbl' found.
 (C:/Users\Lewis\DataspellProjects\CMP5329\auxil\CMP5329 Logbook.bbl)
Package biblatex Info: Reference section=0 on input line 89.
Package biblatex Info: Reference segment=0 on input line 89.
Package hyperref Info: Link coloring ON on input line 89.

(C:/Users\Lewis\DataspellProjects\CMP5329\auxil\CMP5329 Logbook.out)
(C:/Users\Lewis\DataspellProjects\CMP5329\auxil\CMP5329 Logbook.out)
\@outlinefile=\write5
\openout5 = `"CMP5329 Logbook.out"'.

<images/bcu logo.png, id=150, 621.32124pt x 404.51125pt>
File: images/bcu logo.png Graphic file (type png)
<use images/bcu logo.png>
Package pdftex.def Info: images/bcu logo.png  used on input line 96.
(pdftex.def)             Requested size: 318.66948pt x 207.47075pt.
 [1

{C:/Users/Lewis/AppData/Local/MiKTeX/fonts/map/pdftex/pdftex.map}{C:/Users/Lewi
s/AppData/Local/Programs/MiKTeX/fonts/enc/dvips/cm-super/cm-super-t1.enc} <./im
ages/bcu logo.png>] (C:/Users\Lewis\DataspellProjects\CMP5329\auxil\CMP5329 Log
book.toc
LaTeX Font Info:    External font `cmex10' loaded for size
(Font)              <12> on input line 4.
LaTeX Font Info:    External font `cmex10' loaded for size
(Font)              <8> on input line 4.
LaTeX Font Info:    External font `cmex10' loaded for size
(Font)              <6> on input line 4.
LaTeX Font Info:    Trying to load font information for U+wasy on input line 4.

(C:\Users\Lewis\AppData\Local\Programs\MiKTeX\tex/latex/wasysym\uwasy.fd
File: uwasy.fd 2020/01/19 v2.4 Wasy-2 symbol font definitions
))
\tf@toc=\write6
\openout6 = `"CMP5329 Logbook.toc"'.


pdfTeX warning (ext4): destination with the same identifier (name{page.1}) has 
been already used, duplicate ignored
<to be read again> 
                   \relax 
l.110     \footnotesize{\listoffigures
                                      } [1

]
(C:/Users\Lewis\DataspellProjects\CMP5329\auxil\CMP5329 Logbook.lof
LaTeX Font Info:    External font `cmex10' loaded for size
(Font)              <7> on input line 3.
LaTeX Font Info:    External font `cmex10' loaded for size
(Font)              <5> on input line 3.
)
\tf@lof=\write7
\openout7 = `"CMP5329 Logbook.lof"'.

 [2

]
Underfull \hbox (badness 10000) in paragraph at lines 125--127

 []

[3

{C:/Users/Lewis/AppData/Local/Programs/MiKTeX/fonts/enc/dvips/cm-super/cm-super
-ts1.enc}]
Chapter 1.
(lab1.tex
<images/lab1/2.png, id=321, 376.40625pt x 98.61844pt>
File: images/lab1/2.png Graphic file (type png)
<use images/lab1/2.png>
Package pdftex.def Info: images/lab1/2.png  used on input line 14.
(pdftex.def)             Requested size: 409.71692pt x 107.3535pt.
<images/lab1/3.png, id=322, 579.66562pt x 313.9228pt>
File: images/lab1/3.png Graphic file (type png)
<use images/lab1/3.png>
Package pdftex.def Info: images/lab1/3.png  used on input line 23.
(pdftex.def)             Requested size: 409.71692pt x 221.88562pt.
 [4

 <./images/lab1/2.png> <./images/lab1/3.png>]
<images/lab1/4.png, id=333, 606.76688pt x 116.68594pt>
File: images/lab1/4.png Graphic file (type png)
<use images/lab1/4.png>
Package pdftex.def Info: images/lab1/4.png  used on input line 53.
(pdftex.def)             Requested size: 409.71692pt x 78.79343pt.
<images/lab1/5.png, id=334, 803.25093pt x 138.5175pt>
File: images/lab1/5.png Graphic file (type png)
<use images/lab1/5.png>
Package pdftex.def Info: images/lab1/5.png  used on input line 62.
(pdftex.def)             Requested size: 409.71692pt x 70.65565pt.
File: images/bcu logo.png Graphic file (type png)
<use images/bcu logo.png>
Package pdftex.def Info: images/bcu logo.png  used on input line 75.
(pdftex.def)             Requested size: 49.79231pt x 32.4171pt.
 [5 <./images/lab1/4.png> <./images/lab1/5.png>]
<images/lab1/6.png, id=346, 733.99219pt x 114.4275pt>
File: images/lab1/6.png Graphic file (type png)
<use images/lab1/6.png>
Package pdftex.def Info: images/lab1/6.png  used on input line 88.
(pdftex.def)             Requested size: 409.71692pt x 63.87466pt.
File: images/bcu logo.png Graphic file (type png)
<use images/bcu logo.png>
Package pdftex.def Info: images/bcu logo.png  used on input line 99.
(pdftex.def)             Requested size: 49.79231pt x 32.4171pt.
 [6 <./images/lab1/6.png>]
Underfull \hbox (badness 10000) in paragraph at lines 110--113

 []

<images/lab1/7.png, id=354, 609.02531pt x 494.59781pt>
File: images/lab1/7.png Graphic file (type png)
<use images/lab1/7.png>
Package pdftex.def Info: images/lab1/7.png  used on input line 120.
(pdftex.def)             Requested size: 409.71692pt x 332.7448pt.
File: images/bcu logo.png Graphic file (type png)
<use images/bcu logo.png>
Package pdftex.def Info: images/bcu logo.png  used on input line 129.
(pdftex.def)             Requested size: 49.79231pt x 32.4171pt.
[7 <./images/lab1/7.png>]
<images/lab1/8.png, id=362, 606.01407pt x 158.84344pt>
File: images/lab1/8.png Graphic file (type png)
<use images/lab1/8.png>
Package pdftex.def Info: images/lab1/8.png  used on input line 144.
(pdftex.def)             Requested size: 364.19667pt x 95.46191pt.

Underfull \hbox (badness 10000) in paragraph at lines 154--155

 []

<images/lab1/9.png, id=363, 554.82281pt x 316.18124pt>
File: images/lab1/9.png Graphic file (type png)
<use images/lab1/9.png>
Package pdftex.def Info: images/lab1/9.png  used on input line 162.
(pdftex.def)             Requested size: 364.19667pt x 207.5465pt.
<images/lab1/10.png, id=364, 554.82281pt x 180.675pt>
File: images/lab1/10.png Graphic file (type png)
<use images/lab1/10.png>
Package pdftex.def Info: images/lab1/10.png  used on input line 174.
(pdftex.def)             Requested size: 409.71692pt x 133.4217pt.
File: images/bcu logo.png Graphic file (type png)
<use images/bcu logo.png>
Package pdftex.def Info: images/bcu logo.png  used on input line 178.
(pdftex.def)             Requested size: 49.79231pt x 32.4171pt.
[8 <./images/lab1/8.png> <./images/lab1/9.png>]
<images/lab1/11.png, id=373, 542.77782pt x 194.22563pt>
File: images/lab1/11.png Graphic file (type png)
<use images/lab1/11.png>
Package pdftex.def Info: images/lab1/11.png  used on input line 186.
(pdftex.def)             Requested size: 409.71692pt x 146.61722pt.
File: images/bcu logo.png Graphic file (type png)
<use images/bcu logo.png>
Package pdftex.def Info: images/bcu logo.png  used on input line 196.
(pdftex.def)             Requested size: 49.79231pt x 32.4171pt.
 [9 <./images/lab1/10.png> <./images/lab1/11.png>]
Underfull \hbox (badness 10000) in paragraph at lines 198--205

 []

<images/lab1/12.png, id=381, 532.23843pt x 142.28156pt>
File: images/lab1/12.png Graphic file (type png)
<use images/lab1/12.png>
Package pdftex.def Info: images/lab1/12.png  used on input line 209.
(pdftex.def)             Requested size: 409.71692pt x 109.53108pt.
<images/lab1/13.png, id=382, 414.04688pt x 88.07906pt>
File: images/lab1/13.png Graphic file (type png)
<use images/lab1/13.png>
Package pdftex.def Info: images/lab1/13.png  used on input line 219.
(pdftex.def)             Requested size: 409.71692pt x 87.16089pt.
File: images/bcu logo.png Graphic file (type png)
<use images/bcu logo.png>
Package pdftex.def Info: images/bcu logo.png  used on input line 225.
(pdftex.def)             Requested size: 49.79231pt x 32.4171pt.
[10 <./images/lab1/12.png> <./images/lab1/13.png>]
<images/lab1/14.png, id=389, 728.7225pt x 130.23656pt>
File: images/lab1/14.png Graphic file (type png)
<use images/lab1/14.png>
Package pdftex.def Info: images/lab1/14.png  used on input line 238.
(pdftex.def)             Requested size: 409.71692pt x 73.22409pt.
<images/lab1/15.png, id=390, 529.22719pt x 112.92188pt>
File: images/lab1/15.png Graphic file (type png)
<use images/lab1/15.png>
Package pdftex.def Info: images/lab1/15.png  used on input line 249.
(pdftex.def)             Requested size: 409.71692pt x 87.42221pt.
<images/lab1/16.png, id=391, 733.99219pt x 89.58469pt>
File: images/lab1/16.png Graphic file (type png)
<use images/lab1/16.png>
Package pdftex.def Info: images/lab1/16.png  used on input line 262.
(pdftex.def)             Requested size: 409.71692pt x 50.00714pt.
<images/lab1/17.png, id=392, 725.71124pt x 102.3825pt>
File: images/lab1/17.png Graphic file (type png)
<use images/lab1/17.png>
Package pdftex.def Info: images/lab1/17.png  used on input line 274.
(pdftex.def)             Requested size: 409.71692pt x 57.80403pt.
)
File: images/bcu logo.png Graphic file (type png)
<use images/bcu logo.png>
Package pdftex.def Info: images/bcu logo.png  used on input line 145.
(pdftex.def)             Requested size: 49.79231pt x 32.4171pt.
 [11 <./images/lab1/14.png> <./images/lab1/15.png> <./images/lab1/16.png> <./im
ages/lab1/17.png>]
Chapter 2.
(lab2.tex
Underfull \hbox (badness 10000) in paragraph at lines 7--9

 []

<images/lab2/1.png, id=401, 407.27156pt x 142.28156pt>
File: images/lab2/1.png Graphic file (type png)
<use images/lab2/1.png>
Package pdftex.def Info: images/lab2/1.png  used on input line 20.
(pdftex.def)             Requested size: 409.71692pt x 143.14093pt.
<images/lab2/2.png, id=402, 379.4175pt x 292.09125pt>
File: images/lab2/2.png Graphic file (type png)
<use images/lab2/2.png>
Package pdftex.def Info: images/lab2/2.png  used on input line 33.
(pdftex.def)             Requested size: 223.07211pt x 171.73064pt.
<images/lab2/3.png, id=403, 374.90062pt x 292.09125pt>
File: images/lab2/3.png Graphic file (type png)
<use images/lab2/3.png>
Package pdftex.def Info: images/lab2/3.png  used on input line 34.
(pdftex.def)             Requested size: 223.07211pt x 173.80312pt.
[12

 <./images/lab2/1.png> <./images/lab2/2.png> <./images/lab2/3.png>]
<images/lab2/4.png, id=413, 648.92438pt x 92.59593pt>
File: images/lab2/4.png Graphic file (type png)
<use images/lab2/4.png>
Package pdftex.def Info: images/lab2/4.png  used on input line 51.
(pdftex.def)             Requested size: 409.71692pt x 58.4643pt.
<images/lab2/5b.png, id=414, 383.93437pt x 119.69719pt>
File: images/lab2/5b.png Graphic file (type png)
<use images/lab2/5b.png>
Package pdftex.def Info: images/lab2/5b.png  used on input line 61.
(pdftex.def)             Requested size: 364.19667pt x 113.55093pt.
<images/lab2/5c.png, id=415, 449.42906pt x 246.1697pt>
File: images/lab2/5c.png Graphic file (type png)
<use images/lab2/5c.png>
Package pdftex.def Info: images/lab2/5c.png  used on input line 80.
(pdftex.def)             Requested size: 409.71692pt x 224.42795pt.
File: images/bcu logo.png Graphic file (type png)
<use images/bcu logo.png>
Package pdftex.def Info: images/bcu logo.png  used on input line 90.
(pdftex.def)             Requested size: 49.79231pt x 32.4171pt.
 [13 <./images/lab2/4.png> <./images/lab2/5b.png> <./images/lab2/5c.png>]
<images/lab2/9.png, id=424, 504.38437pt x 719.68875pt>
File: images/lab2/9.png Graphic file (type png)
<use images/lab2/9.png>
Package pdftex.def Info: images/lab2/9.png  used on input line 109.
(pdftex.def)             Requested size: 227.62206pt x 324.79037pt.
File: images/bcu logo.png Graphic file (type png)
<use images/bcu logo.png>
Package pdftex.def Info: images/bcu logo.png  used on input line 123.
(pdftex.def)             Requested size: 49.79231pt x 32.4171pt.
 [14 <./images/lab2/9.png>]
<images/lab2/11b.png, id=431, 502.87875pt x 134.75343pt>
File: images/lab2/11b.png Graphic file (type png)
<use images/lab2/11b.png>
Package pdftex.def Info: images/lab2/11b.png  used on input line 129.
(pdftex.def)             Requested size: 409.71692pt x 109.78914pt.
<images/lab2/13.png, id=433, 557.83406pt x 106.89937pt>
File: images/lab2/13.png Graphic file (type png)
<use images/lab2/13.png>
Package pdftex.def Info: images/lab2/13.png  used on input line 141.
(pdftex.def)             Requested size: 409.71692pt x 78.51706pt.
<images/lab2/14.png, id=434, 626.34pt x 187.45032pt>
File: images/lab2/14.png Graphic file (type png)
<use images/lab2/14.png>
Package pdftex.def Info: images/lab2/14.png  used on input line 152.
(pdftex.def)             Requested size: 409.71692pt x 122.6221pt.
File: images/bcu logo.png Graphic file (type png)
<use images/bcu logo.png>
Package pdftex.def Info: images/bcu logo.png  used on input line 158.
(pdftex.def)             Requested size: 49.79231pt x 32.4171pt.
 [15 <./images/lab2/11b.png> <./images/lab2/13.png> <./images/lab2/14.png>]
<images/lab2/15.png, id=443, 531.48563pt x 525.46312pt>
File: images/lab2/15.png Graphic file (type png)
<use images/lab2/15.png>
Package pdftex.def Info: images/lab2/15.png  used on input line 164.
(pdftex.def)             Requested size: 318.66948pt x 315.06381pt.
File: images/bcu logo.png Graphic file (type png)
<use images/bcu logo.png>
Package pdftex.def Info: images/bcu logo.png  used on input line 170.
(pdftex.def)             Requested size: 49.79231pt x 32.4171pt.
 [16 <./images/lab2/15.png>]
<images/lab2/16.png, id=449, 524.71031pt x 252.19218pt>
File: images/lab2/16.png Graphic file (type png)
<use images/lab2/16.png>
Package pdftex.def Info: images/lab2/16.png  used on input line 177.
(pdftex.def)             Requested size: 409.71692pt x 196.92845pt.
<images/lab2/17.png, id=450, 488.57532pt x 106.89937pt>
File: images/lab2/17.png Graphic file (type png)
<use images/lab2/17.png>
Package pdftex.def Info: images/lab2/17.png  used on input line 191.
(pdftex.def)             Requested size: 409.71692pt x 89.64641pt.
<images/lab2/18.png, id=451, 563.85657pt x 279.29344pt>
File: images/lab2/18.png Graphic file (type png)
<use images/lab2/18.png>
Package pdftex.def Info: images/lab2/18.png  used on input line 201.
(pdftex.def)             Requested size: 409.71692pt x 202.94495pt.
)
File: images/bcu logo.png Graphic file (type png)
<use images/bcu logo.png>
Package pdftex.def Info: images/bcu logo.png  used on input line 149.
(pdftex.def)             Requested size: 49.79231pt x 32.4171pt.
 [17 <./images/lab2/16.png> <./images/lab2/17.png>]
File: images/bcu logo.png Graphic file (type png)
<use images/bcu logo.png>
Package pdftex.def Info: images/bcu logo.png  used on input line 151.
(pdftex.def)             Requested size: 49.79231pt x 32.4171pt.
 [18 <./images/lab2/18.png>]
Chapter 5.
(lab5.tex
<images/lab5/1.png, id=468, 331.99031pt x 174.6525pt>
File: images/lab5/1.png Graphic file (type png)
<use images/lab5/1.png>
Package pdftex.def Info: images/lab5/1.png  used on input line 20.
(pdftex.def)             Requested size: 409.71692pt x 215.55415pt.
<images/lab5/2.png, id=469, 377.15906pt x 173.14688pt>
File: images/lab5/2.png Graphic file (type png)
<use images/lab5/2.png>
Package pdftex.def Info: images/lab5/2.png  used on input line 32.
(pdftex.def)             Requested size: 409.71692pt x 188.09227pt.
 [19

 <./images/lab5/1.png>]
<images/lab5/3.png, id=475, 339.51843pt x 170.88844pt>
File: images/lab5/3.png Graphic file (type png)
<use images/lab5/3.png>
Package pdftex.def Info: images/lab5/3.png  used on input line 41.
(pdftex.def)             Requested size: 409.71692pt x 206.23067pt.
<images/lab5/3b.png, id=476, 354.57469pt x 402.00188pt>
File: images/lab5/3b.png Graphic file (type png)
<use images/lab5/3b.png>
Package pdftex.def Info: images/lab5/3b.png  used on input line 50.
(pdftex.def)             Requested size: 409.71692pt x 464.53136pt.
File: images/bcu logo.png Graphic file (type png)
<use images/bcu logo.png>
Package pdftex.def Info: images/bcu logo.png  used on input line 54.
(pdftex.def)             Requested size: 49.79231pt x 32.4171pt.
 [20 <./images/lab5/2.png> <./images/lab5/3.png>]
File: images/bcu logo.png Graphic file (type png)
<use images/bcu logo.png>
Package pdftex.def Info: images/bcu logo.png  used on input line 56.
(pdftex.def)             Requested size: 49.79231pt x 32.4171pt.
 [21 <./images/lab5/3b.png>]
<images/lab5/4.png, id=492, 391.4625pt x 158.09062pt>
File: images/lab5/4.png Graphic file (type png)
<use images/lab5/4.png>
Package pdftex.def Info: images/lab5/4.png  used on input line 85.
(pdftex.def)             Requested size: 409.71692pt x 165.47176pt.
<images/lab5/5.png, id=493, 315.42844pt x 158.09062pt>
File: images/lab5/5.png Graphic file (type png)
<use images/lab5/5.png>
Package pdftex.def Info: images/lab5/5.png  used on input line 104.
(pdftex.def)             Requested size: 364.19667pt x 182.54335pt.
<images/lab5/6.png, id=494, 390.70969pt x 158.09062pt>
File: images/lab5/6.png Graphic file (type png)
<use images/lab5/6.png>
Package pdftex.def Info: images/lab5/6.png  used on input line 105.
(pdftex.def)             Requested size: 364.19667pt x 147.37012pt.
File: images/bcu logo.png Graphic file (type png)
<use images/bcu logo.png>
Package pdftex.def Info: images/bcu logo.png  used on input line 109.
(pdftex.def)             Requested size: 49.79231pt x 32.4171pt.
 [22 <./images/lab5/4.png>]
<images/lab5/7.png, id=503, 565.36218pt x 164.11313pt>
File: images/lab5/7.png Graphic file (type png)
<use images/lab5/7.png>
Package pdftex.def Info: images/lab5/7.png  used on input line 121.
(pdftex.def)             Requested size: 364.19667pt x 105.72067pt.
<images/lab5/8.png, id=504, 393.72093pt x 120.45pt>
File: images/lab5/8.png Graphic file (type png)
<use images/lab5/8.png>
Package pdftex.def Info: images/lab5/8.png  used on input line 131.
(pdftex.def)             Requested size: 364.19667pt x 111.41632pt.
File: images/bcu logo.png Graphic file (type png)
<use images/bcu logo.png>
Package pdftex.def Info: images/bcu logo.png  used on input line 135.
(pdftex.def)             Requested size: 49.79231pt x 32.4171pt.
 [23 <./images/lab5/5.png> <./images/lab5/6.png> <./images/lab5/7.png>]
<images/lab5/9.png, id=513, 350.81062pt x 106.89937pt>
File: images/lab5/9.png Graphic file (type png)
<use images/lab5/9.png>
Package pdftex.def Info: images/lab5/9.png  used on input line 142.
(pdftex.def)             Requested size: 364.19667pt x 110.98676pt.
<images/lab5/10.png, id=514, 403.5075pt x 136.25906pt>
File: images/lab5/10.png Graphic file (type png)
<use images/lab5/10.png>
Package pdftex.def Info: images/lab5/10.png  used on input line 143.
(pdftex.def)             Requested size: 364.19667pt x 122.98546pt.
File: images/bcu logo.png Graphic file (type png)
<use images/bcu logo.png>
Package pdftex.def Info: images/bcu logo.png  used on input line 149.
(pdftex.def)             Requested size: 49.79231pt x 32.4171pt.
 [24 <./images/lab5/8.png> <./images/lab5/9.png> <./images/lab5/10.png>]
<images/lab5/11.png, id=524, 385.44pt x 228.10219pt>
File: images/lab5/11.png Graphic file (type png)
<use images/lab5/11.png>
Package pdftex.def Info: images/lab5/11.png  used on input line 163.
(pdftex.def)             Requested size: 364.19667pt x 215.52983pt.
<images/lab5/12.png, id=526, 492.33937pt x 133.24782pt>
File: images/lab5/12.png Graphic file (type png)
<use images/lab5/12.png>
Package pdftex.def Info: images/lab5/12.png  used on input line 177.
(pdftex.def)             Requested size: 364.19667pt x 98.57133pt.
<images/lab5/12b.png, id=527, 472.76625pt x 137.01187pt>
File: images/lab5/12b.png Graphic file (type png)
<use images/lab5/12b.png>
Package pdftex.def Info: images/lab5/12b.png  used on input line 178.
(pdftex.def)             Requested size: 364.19667pt x 105.54964pt.
<images/lab5/12c.png, id=528, 465.23813pt x 121.95563pt>
File: images/lab5/12c.png Graphic file (type png)
<use images/lab5/12c.png>
Package pdftex.def Info: images/lab5/12c.png  used on input line 185.
(pdftex.def)             Requested size: 364.19667pt x 95.47112pt.
<images/lab5/12d.png, id=529, 453.94594pt x 118.94438pt>
File: images/lab5/12d.png Graphic file (type png)
<use images/lab5/12d.png>
Package pdftex.def Info: images/lab5/12d.png  used on input line 186.
(pdftex.def)             Requested size: 364.19667pt x 95.42786pt.
File: images/bcu logo.png Graphic file (type png)
<use images/bcu logo.png>
Package pdftex.def Info: images/bcu logo.png  used on input line 190.
(pdftex.def)             Requested size: 49.79231pt x 32.4171pt.
 [25 <./images/lab5/11.png> <./images/lab5/12.png> <./images/lab5/12b.png>]
<images/lab5/13.png, id=539, 436.63126pt x 146.04562pt>
File: images/lab5/13.png Graphic file (type png)
<use images/lab5/13.png>
Package pdftex.def Info: images/lab5/13.png  used on input line 196.
(pdftex.def)             Requested size: 364.19667pt x 121.81728pt.
<images/lab5/13b.png, id=540, 440.39531pt x 146.79843pt>
File: images/lab5/13b.png Graphic file (type png)
<use images/lab5/13b.png>
Package pdftex.def Info: images/lab5/13b.png  used on input line 197.
(pdftex.def)             Requested size: 364.19667pt x 121.40363pt.
<images/lab5/14.png, id=542, 493.845pt x 108.405pt>
File: images/lab5/14.png Graphic file (type png)
<use images/lab5/14.png>
Package pdftex.def Info: images/lab5/14.png  used on input line 211.
(pdftex.def)             Requested size: 364.19667pt x 79.9455pt.
<images/lab5/14b.png, id=543, 442.65375pt x 119.69719pt>
File: images/lab5/14b.png Graphic file (type png)
<use images/lab5/14b.png>
Package pdftex.def Info: images/lab5/14b.png  used on input line 212.
(pdftex.def)             Requested size: 364.19667pt x 98.48656pt.
File: images/bcu logo.png Graphic file (type png)
<use images/bcu logo.png>
Package pdftex.def Info: images/bcu logo.png  used on input line 216.
(pdftex.def)             Requested size: 49.79231pt x 32.4171pt.
 [26 <./images/lab5/12c.png> <./images/lab5/12d.png> <./images/lab5/13.png> <./
images/lab5/13b.png>])
File: images/bcu logo.png Graphic file (type png)
<use images/bcu logo.png>
Package pdftex.def Info: images/bcu logo.png  used on input line 154.
(pdftex.def)             Requested size: 49.79231pt x 32.4171pt.
 [27 <./images/lab5/14.png> <./images/lab5/14b.png>]
Chapter 6.
(lab6.tex
<images/lab6/1.png, id=560, 617.30624pt x 386.19281pt>
File: images/lab6/1.png Graphic file (type png)
<use images/lab6/1.png>
Package pdftex.def Info: images/lab6/1.png  used on input line 13.
(pdftex.def)             Requested size: 409.71692pt x 256.33177pt.
<images/lab6/1b.png, id=561, 392.96812pt x 85.82062pt>
File: images/lab6/1b.png Graphic file (type png)
<use images/lab6/1b.png>
Package pdftex.def Info: images/lab6/1b.png  used on input line 14.
(pdftex.def)             Requested size: 409.71692pt x 89.4844pt.
<images/lab6/2.png, id=562, 436.63126pt x 71.51718pt>
File: images/lab6/2.png Graphic file (type png)
<use images/lab6/2.png>
Package pdftex.def Info: images/lab6/2.png  used on input line 21.
(pdftex.def)             Requested size: 409.71692pt x 67.10938pt.
<images/lab6/2b.png, id=563, 672.26157pt x 170.13562pt>
File: images/lab6/2b.png Graphic file (type png)
<use images/lab6/2b.png>
Package pdftex.def Info: images/lab6/2b.png  used on input line 22.
(pdftex.def)             Requested size: 409.71692pt x 103.6917pt.
 [28

 <./images/lab6/1.png> <./images/lab6/1b.png>]
<images/lab6/3.png, id=571, 408.77719pt x 75.28125pt>
File: images/lab6/3.png Graphic file (type png)
<use images/lab6/3.png>
Package pdftex.def Info: images/lab6/3.png  used on input line 53.
(pdftex.def)             Requested size: 409.71692pt x 75.45909pt.
<images/lab6/3b.png, id=572, 481.8pt x 73.77562pt>
File: images/lab6/3b.png Graphic file (type png)
<use images/lab6/3b.png>
Package pdftex.def Info: images/lab6/3b.png  used on input line 63.
(pdftex.def)             Requested size: 409.71692pt x 62.73994pt.
File: images/bcu logo.png Graphic file (type png)
<use images/bcu logo.png>
Package pdftex.def Info: images/bcu logo.png  used on input line 72.
(pdftex.def)             Requested size: 49.79231pt x 32.4171pt.
 [29 <./images/lab6/2.png> <./images/lab6/2b.png> <./images/lab6/3.png> <./imag
es/lab6/3b.png>]
<images/lab6/4.png, id=581, 516.42938pt x 267.24844pt>
File: images/lab6/4.png Graphic file (type png)
<use images/lab6/4.png>
Package pdftex.def Info: images/lab6/4.png  used on input line 80.
(pdftex.def)             Requested size: 409.71692pt x 212.03331pt.
<images/lab6/4b.png, id=582, 425.33907pt x 304.13625pt>
File: images/lab6/4b.png Graphic file (type png)
<use images/lab6/4b.png>
Package pdftex.def Info: images/lab6/4b.png  used on input line 87.
(pdftex.def)             Requested size: 273.14923pt x 195.32407pt.
<images/lab6/5.png, id=583, 736.25063pt x 87.32625pt>
File: images/lab6/5.png Graphic file (type png)
<use images/lab6/5.png>
Package pdftex.def Info: images/lab6/5.png  used on input line 99.
(pdftex.def)             Requested size: 409.71692pt x 48.59721pt.
File: images/bcu logo.png Graphic file (type png)
<use images/bcu logo.png>
Package pdftex.def Info: images/bcu logo.png  used on input line 109.
(pdftex.def)             Requested size: 49.79231pt x 32.4171pt.

[30 <./images/lab6/4.png> <./images/lab6/4b.png> <./images/lab6/5.png>]
LaTeX Font Info:    Trying to load font information for T1+cmtt on input line 1
10.

(C:\Users\Lewis\AppData\Local\Programs\MiKTeX\tex/latex/base\t1cmtt.fd
File: t1cmtt.fd 2023/04/13 v2.5m Standard LaTeX font definitions
)
<images/lab6/6.png, id=593, 674.52pt x 96.36pt>
File: images/lab6/6.png Graphic file (type png)
<use images/lab6/6.png>
Package pdftex.def Info: images/lab6/6.png  used on input line 133.
(pdftex.def)             Requested size: 455.24411pt x 65.03577pt.
<images/lab6/6b.png, id=594, 829.59938pt x 374.14781pt>
File: images/lab6/6b.png Graphic file (type png)
<use images/lab6/6b.png>
Package pdftex.def Info: images/lab6/6b.png  used on input line 140.
(pdftex.def)             Requested size: 409.71692pt x 184.7784pt.
)
File: images/bcu logo.png Graphic file (type png)
<use images/bcu logo.png>
Package pdftex.def Info: images/bcu logo.png  used on input line 157.
(pdftex.def)             Requested size: 49.79231pt x 32.4171pt.

[31 <./images/lab6/6.png> <./images/lab6/6b.png>] [32

] [33

]
(C:/Users\Lewis\DataspellProjects\CMP5329\auxil\CMP5329 Logbook.aux)
 ***********
LaTeX2e <2023-11-01> patch level 1
L3 programming layer <2024-02-13>
 ***********
Package rerunfilecheck Info: File `"CMP5329 Logbook".out' has not changed.
(rerunfilecheck)             Checksum: 36A1BECBE13BD96752F079B1F80C1260;6866.
Package logreq Info: Writing requests to '"CMP5329 Logbook".run.xml'.
\openout1 = `"CMP5329 Logbook.run.xml"'.

 ) 
Here is how much of TeX's memory you used:
 31297 strings out of 474462
 601726 string characters out of 5742883
 1950998 words of memory out of 5000000
 53027 multiletter control sequences out of 15000+600000
 573294 words of font info for 67 fonts, out of 8000000 for 9000
 1141 hyphenation exceptions out of 8191
 83i,15n,93p,692b,2365s stack positions out of 10000i,1000n,20000p,200000b,200000s
<C:/Users/Lewis/AppData/Local/Programs/MiKTeX/fonts/type1/public/amsfonts/cm/
cmmi10.pfb><C:/Users/Lewis/AppData/Local/Programs/MiKTeX/fonts/type1/public/cm-
super/sfbx1000.pfb><C:/Users/Lewis/AppData/Local/Programs/MiKTeX/fonts/type1/pu
blic/cm-super/sfbx1200.pfb><C:/Users/Lewis/AppData/Local/Programs/MiKTeX/fonts/
type1/public/cm-super/sfbx1440.pfb><C:/Users/Lewis/AppData/Local/Programs/MiKTe
X/fonts/type1/public/cm-super/sfbx1728.pfb><C:/Users/Lewis/AppData/Local/Progra
ms/MiKTeX/fonts/type1/public/cm-super/sfbx2488.pfb><C:/Users/Lewis/AppData/Loca
l/Programs/MiKTeX/fonts/type1/public/cm-super/sfcc1200.pfb><C:/Users/Lewis/AppD
ata/Local/Programs/MiKTeX/fonts/type1/public/cm-super/sfrm0700.pfb><C:/Users/Le
wis/AppData/Local/Programs/MiKTeX/fonts/type1/public/cm-super/sfrm1000.pfb><C:/
Users/Lewis/AppData/Local/Programs/MiKTeX/fonts/type1/public/cm-super/sfrm1200.
pfb><C:/Users/Lewis/AppData/Local/Programs/MiKTeX/fonts/type1/public/cm-super/s
frm1440.pfb><C:/Users/Lewis/AppData/Local/Programs/MiKTeX/fonts/type1/public/cm
-super/sfti1000.pfb><C:/Users/Lewis/AppData/Local/Programs/MiKTeX/fonts/type1/p
ublic/cm-super/sfti1200.pfb><C:/Users/Lewis/AppData/Local/Programs/MiKTeX/fonts
/type1/public/cm-super/sftt1000.pfb>
Output written on "C:/Users\Lewis\DataspellProjects\CMP5329\out\CMP5329 Logbook
.pdf" (34 pages, 2689177 bytes).
PDF statistics:
 714 PDF objects out of 1000 (max. 8388607)
 137 named destinations out of 1000 (max. 500000)
 611 words of extra memory for PDF output out of 10000 (max. 10000000)

