\BOOKMARK [0][-]{chapter*.2}{\376\377\000I\000n\000t\000r\000o\000d\000u\000c\000t\000i\000o\000n}{}% 1
\BOOKMARK [0][-]{chapter.1}{\376\377\000O\000p\000e\000n\000S\000S\000L}{}% 2
\BOOKMARK [1][-]{section.1.1}{\376\377\000V\000e\000r\000s\000i\000o\000n\000\040\000c\000h\000e\000c\000k\000i\000n\000g\000\040\000a\000n\000d\000\040\000c\000i\000p\000h\000e\000r\000s}{chapter.1}% 3
\BOOKMARK [1][-]{section.1.2}{\376\377\000S\000y\000m\000m\000e\000t\000r\000i\000c\000\040\000e\000n\000c\000r\000y\000p\000t\000i\000o\000n}{chapter.1}% 4
\BOOKMARK [2][-]{subsection.1.2.1}{\376\377\000D\000E\000S\000\040\000s\000y\000m\000m\000e\000t\000r\000i\000c\000\040\000e\000n\000c\000r\000y\000p\000t\000i\000o\000n}{section.1.2}% 5
\BOOKMARK [2][-]{subsection.1.2.2}{\376\377\000A\000E\000S\0002\0005\0006\000\040\000s\000y\000m\000m\000e\000t\000r\000i\000c\000\040\000e\000n\000c\000r\000y\000p\000t\000i\000o\000n\000\040\000a\000n\000d\000\040\000d\000e\000c\000r\000y\000p\000t\000i\000o\000n}{section.1.2}% 6
\BOOKMARK [1][-]{section.1.3}{\376\377\000A\000s\000y\000m\000m\000e\000t\000r\000i\000c\000\040\000e\000n\000c\000r\000y\000p\000t\000i\000o\000n}{chapter.1}% 7
\BOOKMARK [2][-]{subsection.1.3.1}{\376\377\000G\000e\000n\000e\000r\000a\000t\000i\000n\000g\000\040\000a\000n\000\040\000R\000S\000A\000\040\000p\000r\000i\000v\000a\000t\000e\000\040\000k\000e\000y}{section.1.3}% 8
\BOOKMARK [2][-]{subsection.1.3.2}{\376\377\000S\000t\000o\000r\000i\000n\000g\000\040\000D\000E\000S\0003\000\040\000\046\000\040\000p\000a\000s\000s\000p\000h\000r\000a\000s\000e\000\040\000e\000n\000c\000r\000y\000p\000t\000e\000d\000\040\000R\000S\000A\000\040\000k\000e\000y\000s\000\040\000i\000n\000\040\000a\000\040\000f\000i\000l\000e}{section.1.3}% 9
\BOOKMARK [2][-]{subsection.1.3.3}{\376\377\000G\000e\000t\000t\000i\000n\000g\000\040\000a\000\040\000p\000u\000b\000l\000i\000c\000\040\000k\000e\000y\000\040\000f\000r\000o\000m\000\040\000t\000h\000e\000\040\000p\000r\000i\000v\000a\000t\000e\000\040\000k\000e\000y}{section.1.3}% 10
\BOOKMARK [2][-]{subsection.1.3.4}{\376\377\000O\000b\000t\000a\000i\000n\000i\000n\000g\000\040\000a\000\040\000m\000e\000s\000s\000a\000g\000e\000/\000f\000i\000l\000e\000\040\000d\000i\000g\000e\000s\000t}{section.1.3}% 11
\BOOKMARK [2][-]{subsection.1.3.5}{\376\377\000S\000i\000g\000n\000i\000n\000g\000\040\000a\000\040\000d\000i\000g\000e\000s\000t}{section.1.3}% 12
\BOOKMARK [0][-]{chapter.2}{\376\377\000U\000s\000a\000g\000e\000\040\000o\000f\000\040\000G\000P\000G}{}% 13
\BOOKMARK [1][-]{section.2.1}{\376\377\000C\000r\000e\000a\000t\000i\000n\000g\000\040\000t\000e\000s\000t\000\040\000u\000s\000e\000r\000s}{chapter.2}% 14
\BOOKMARK [2][-]{subsection.2.1.1}{\376\377\000E\000l\000e\000v\000a\000t\000i\000n\000g\000\040\000t\000h\000e\000\040\000t\000e\000r\000m\000i\000n\000a\000l}{section.2.1}% 15
\BOOKMARK [2][-]{subsection.2.1.2}{\376\377\000C\000r\000e\000a\000t\000i\000n\000g\000\040\000B\000o\000b\000\040\000a\000n\000d\000\040\000A\000l\000i\000c\000e}{section.2.1}% 16
\BOOKMARK [1][-]{section.2.2}{\376\377\000E\000x\000c\000h\000a\000n\000g\000i\000n\000g\000\040\000e\000n\000c\000r\000y\000p\000t\000e\000d\000\040\000f\000i\000l\000e\000s\000\040\000o\000v\000e\000r\000\040\000a\000n\000\040\000i\000n\000s\000e\000c\000u\000r\000e\000\040\000c\000h\000a\000n\000n\000e\000l}{chapter.2}% 17
\BOOKMARK [2][-]{subsection.2.2.1}{\376\377\000G\000e\000n\000e\000r\000a\000t\000i\000n\000g\000\040\000p\000u\000b\000l\000i\000c\000/\000p\000r\000i\000v\000a\000t\000e\000\040\000k\000e\000y\000-\000p\000a\000i\000r\000s}{section.2.2}% 18
\BOOKMARK [2][-]{subsection.2.2.2}{\376\377\000E\000x\000p\000o\000r\000t\000i\000n\000g\000\040\000p\000u\000b\000l\000i\000c\000\040\000k\000e\000y\000s}{section.2.2}% 19
\BOOKMARK [2][-]{subsection.2.2.3}{\376\377\000I\000m\000p\000o\000r\000t\000i\000n\000g\000\040\000a\000n\000d\000\040\000s\000i\000g\000n\000i\000n\000g\000\040\000p\000u\000b\000l\000i\000c\000\040\000k\000e\000y\000s}{section.2.2}% 20
\BOOKMARK [2][-]{subsection.2.2.4}{\376\377\000E\000n\000c\000r\000y\000p\000t\000i\000n\000g\000\040\000a\000n\000d\000\040\000d\000e\000c\000r\000y\000p\000t\000i\000n\000g\000\040\000d\000a\000t\000a}{section.2.2}% 21
\BOOKMARK [0][-]{chapter.5}{\376\377\000D\000i\000s\000c\000r\000e\000t\000i\000o\000n\000a\000r\000y\000\040\000A\000c\000c\000e\000s\000s\000\040\000C\000o\000n\000t\000r\000o\000l}{}% 22
\BOOKMARK [1][-]{section.5.1}{\376\377\000C\000r\000e\000a\000t\000i\000n\000g\000\040\000t\000e\000s\000t\000\040\000u\000s\000e\000r\000s\000\040\000a\000n\000d\000\040\000g\000r\000o\000u\000p\000s}{chapter.5}% 23
\BOOKMARK [2][-]{subsection.5.1.1}{\376\377\000C\000r\000e\000a\000t\000i\000n\000g\000\040\000g\000r\000o\000u\000p\000s}{section.5.1}% 24
\BOOKMARK [2][-]{subsection.5.1.2}{\376\377\000A\000d\000d\000i\000n\000g\000\040\000u\000s\000e\000r\000s\000\040\000t\000o\000\040\000g\000r\000o\000u\000p\000s}{section.5.1}% 25
\BOOKMARK [1][-]{section.5.2}{\376\377\000U\000s\000i\000n\000g\000\040\000c\000h\000m\000o\000d\000\040\000a\000n\000d\000\040\000c\000h\000g\000r\000p\000\040\000t\000o\000\040\000a\000s\000s\000i\000g\000n\000\040\000p\000e\000r\000m\000i\000s\000s\000i\000o\000n\000s}{chapter.5}% 26
\BOOKMARK [2][-]{subsection.5.2.1}{\376\377\000R\000e\000s\000t\000r\000i\000c\000t\000i\000n\000g\000\040\000d\000i\000r\000e\000c\000t\000o\000r\000y\000\040\000a\000c\000c\000e\000s\000s}{section.5.2}% 27
\BOOKMARK [2][-]{subsection.5.2.2}{\376\377\000C\000h\000g\000r\000p\000\040\000a\000n\000d\000\040\000c\000h\000o\000w\000n}{section.5.2}% 28
\BOOKMARK [0][-]{chapter.6}{\376\377\000P\000a\000s\000s\000w\000o\000r\000d\000\040\000C\000r\000a\000c\000k\000i\000n\000g}{}% 29
\BOOKMARK [1][-]{section.6.1}{\376\377\000L\000i\000n\000u\000x\000\040\000p\000a\000s\000s\000w\000o\000r\000d\000\040\000s\000t\000o\000r\000a\000g\000e}{chapter.6}% 30
\BOOKMARK [1][-]{section.6.2}{\376\377\000c\000r\000a\000c\000k\000.\000c}{chapter.6}% 31
\BOOKMARK [2][-]{subsection.6.2.1}{\376\377\000I\000m\000p\000o\000r\000t\000i\000n\000g\000\040\000a\000n\000d\000\040\000c\000o\000m\000p\000i\000l\000a\000t\000i\000o\000n}{section.6.2}% 32
\BOOKMARK [2][-]{subsection.6.2.2}{\376\377\000C\000r\000e\000a\000t\000i\000n\000g\000\040\000a\000\040\000t\000e\000s\000t\000\040\000u\000s\000e\000r}{section.6.2}% 33
\BOOKMARK [2][-]{subsection.6.2.3}{\376\377\000C\000r\000a\000c\000k\000i\000n\000g\000\040\000t\000h\000e\000\040\000p\000a\000s\000s\000w\000o\000r\000d}{section.6.2}% 34
\BOOKMARK [0][-]{chapter*.55}{\376\377\000R\000e\000f\000l\000e\000c\000t\000i\000v\000e\000\040\000r\000e\000p\000o\000r\000t\000\040\000o\000n\000\040\000C\000r\000y\000p\000t\000o\000g\000r\000a\000p\000h\000y\000\040\000a\000n\000d\000\040\000A\000c\000c\000e\000s\000s\000\040\000C\000o\000n\000t\000r\000o\000l}{}% 35
